Using pre-set license
Built from '2020.3/staging' branch; Version is '2020.3.0f1 (c7b5465681fb) revision 13088070'; Using compiler version '192528614'; Build Type 'Release'
OS: 'Windows 10 Home; OS build 19042.928; Version 2009; 64bit' Language: 'en' Physical Memory: 16257 MB
BatchMode: 1, IsHumanControllingUs: 0, StartBugReporterOnCrash: 0, Is64bit: 1, IsPro: 0

 COMMAND LINE ARGUMENTS:
D:\UnityEditor\2020.3.0f1\Editor\Unity.exe
-adb2
-batchMode
-noUpm
-name
AssetImportWorker0
-projectPath
C:/Users/Sebastian/Unity/WelcomeToTheSpaceSlam
-logFile
Logs/AssetImportWorker0.log
-srvPort
56821
Successfully changed project path to: C:/Users/Sebastian/Unity/WelcomeToTheSpaceSlam
C:/Users/Sebastian/Unity/WelcomeToTheSpaceSlam
Using Asset Import Pipeline V2.
Refreshing native plugins compatible for Editor in 59.37 ms, found 3 plugins.
Preloading 0 native plugins for Editor in 0.00 ms.
Initialize engine version: 2020.3.0f1 (c7b5465681fb)
[Subsystems] Discovering subsystems at path D:/UnityEditor/2020.3.0f1/Editor/Data/Resources/UnitySubsystems
[Subsystems] Discovering subsystems at path C:/Users/Sebastian/Unity/WelcomeToTheSpaceSlam/Assets
GfxDevice: creating device client; threaded=0
Direct3D:
    Version:  Direct3D 11.0 [level 11.1]
    Renderer: NVIDIA GeForce GTX 1050 (ID=0x1c8d)
    Vendor:   
    VRAM:     1979 MB
    Driver:   27.21.14.6192
Initialize mono
Mono path[0] = 'D:/UnityEditor/2020.3.0f1/Editor/Data/Managed'
Mono path[1] = 'D:/UnityEditor/2020.3.0f1/Editor/Data/MonoBleedingEdge/lib/mono/unityjit'
Mono config path = 'D:/UnityEditor/2020.3.0f1/Editor/Data/MonoBleedingEdge/etc'
Using monoOptions --debugger-agent=transport=dt_socket,embedding=1,server=y,suspend=n,address=127.0.0.1:56096
Begin MonoManager ReloadAssembly
Registering precompiled unity dll's ...
Register platform support module: D:/UnityEditor/2020.3.0f1/Editor/Data/PlaybackEngines/WebGLSupport/UnityEditor.WebGL.Extensions.dll
Register platform support module: D:/UnityEditor/2020.3.0f1/Editor/Data/PlaybackEngines/WindowsStandaloneSupport/UnityEditor.WindowsStandalone.Extensions.dll
Registered in 0.002840 seconds.
Native extension for WindowsStandalone target not found
Native extension for WebGL target not found
Refreshing native plugins compatible for Editor in 59.22 ms, found 3 plugins.
Preloading 0 native plugins for Editor in 0.00 ms.
Invoked RoslynAnalysisRunner static constructor.
RoslynAnalysisRunner will not be running.
RoslynAnalysisRunner has terminated.
Mono: successfully reloaded assembly
- Completed reload, in  4.213 seconds
Platform modules already initialized, skipping
Registering precompiled user dll's ...
Registered in 0.022461 seconds.
Begin MonoManager ReloadAssembly
Native extension for WindowsStandalone target not found
Native extension for WebGL target not found
Refreshing native plugins compatible for Editor in 52.74 ms, found 3 plugins.
Preloading 0 native plugins for Editor in 0.00 ms.
Invoked RoslynAnalysisRunner static constructor.
RoslynAnalysisRunner will not be running.
RoslynAnalysisRunner has terminated.
Mono: successfully reloaded assembly
- Completed reload, in  2.020 seconds
Platform modules already initialized, skipping
========================================================================
Worker process is ready to serve import requests
Launched and connected shader compiler UnityShaderCompiler.exe after 0.09 seconds
Refreshing native plugins compatible for Editor in 0.77 ms, found 3 plugins.
Preloading 0 native plugins for Editor in 0.00 ms.
Unloading 1843 Unused Serialized files (Serialized files now loaded: 0)
System memory in use before: 85.6 MB.
System memory in use after: 85.6 MB.

Unloading 41 unused Assets to reduce memory usage. Loaded Objects now: 2310.
Total: 2.373100 ms (FindLiveObjects: 0.269900 ms CreateObjectMapping: 0.076500 ms MarkObjects: 1.849400 ms  DeleteObjects: 0.160900 ms)

========================================================================
Received Import Request.
  path: Assets/Scripts/Player.cs
  artifactKey: Guid(ce720e044e1cd8e4cab87ade7e2f86e2) Importer(815301076,1909f56bfc062723c751e8b465ee728b)
Start importing Assets/Scripts/Player.cs using Guid(ce720e044e1cd8e4cab87ade7e2f86e2) Importer(815301076,1909f56bfc062723c751e8b465ee728b)  -> (artifact id: 'ca57a5b7d62bf214fe5cea61f94cba9b') in 0.072164 seconds
  Import took 0.077375 seconds .

========================================================================
Received Import Request.
  Time since last request: 7.032395 seconds.
  path: Assets/Animations/Player/Idle.anim
  artifactKey: Guid(068da0c03cb840440a512af214299403) Importer(815301076,1909f56bfc062723c751e8b465ee728b)
Start importing Assets/Animations/Player/Idle.anim using Guid(068da0c03cb840440a512af214299403) Importer(815301076,1909f56bfc062723c751e8b465ee728b)  -> (artifact id: '28ca83efa115e346cb9a9a95d8536c75') in 0.022975 seconds
  Import took 0.030191 seconds .

========================================================================
Received Import Request.
  Time since last request: 0.462942 seconds.
  path: Assets/Animations/Player/Player.controller
  artifactKey: Guid(d66be6aa9e609a748bb36aa14c6ca66f) Importer(815301076,1909f56bfc062723c751e8b465ee728b)
Start importing Assets/Animations/Player/Player.controller using Guid(d66be6aa9e609a748bb36aa14c6ca66f) Importer(815301076,1909f56bfc062723c751e8b465ee728b)  -> (artifact id: 'c83ed938bf2e11a501ec0826b847e46c') in 0.011658 seconds
  Import took 0.016028 seconds .

