Using pre-set license
Desktop is 1920 x 1080 @ 60 Hz

 COMMAND LINE ARGUMENTS:
Unity
-adb2
-batchMode
-noUpm
-name
AssetImportWorker0
-projectPath
/home/sebastian/Documents/GitHub/WelcomeToTheSpaceSlam
-logFile
Logs/AssetImportWorker0.log
-srvPort
38143
Successfully changed project path to: /home/sebastian/Documents/GitHub/WelcomeToTheSpaceSlam
/home/sebastian/Documents/GitHub/WelcomeToTheSpaceSlam
Using Asset Import Pipeline V2.
Refreshing native plugins compatible for Editor in 45.46 ms, found 2 plugins.
Preloading 0 native plugins for Editor in 0.00 ms.
Initialize engine version: 2020.3.0f1 (c7b5465681fb)
[Subsystems] Discovering subsystems at path /home/sebastian/Unity/2020.3.0f1/Editor/Data/Resources/UnitySubsystems
[Subsystems] Discovering subsystems at path /home/sebastian/Documents/GitHub/WelcomeToTheSpaceSlam/Assets
GLX Extensions: GLX_ARB_create_context GLX_ARB_create_context_no_error GLX_ARB_create_context_profile GLX_ARB_create_context_robustness GLX_ARB_fbconfig_float GLX_ARB_framebuffer_sRGB GLX_ARB_get_proc_address GLX_ARB_multisample GLX_EXT_buffer_age GLX_EXT_create_context_es2_profile GLX_EXT_create_context_es_profile GLX_EXT_fbconfig_packed_float GLX_EXT_framebuffer_sRGB GLX_EXT_import_context GLX_EXT_texture_from_pixmap GLX_EXT_visual_info GLX_EXT_visual_rating GLX_INTEL_swap_event GLX_MESA_copy_sub_buffer GLX_MESA_query_renderer GLX_MESA_swap_control GLX_OML_swap_method GLX_OML_sync_control GLX_SGIS_multisample GLX_SGIX_fbconfig GLX_SGIX_pbuffer GLX_SGIX_visual_select_group GLX_SGI_make_current_read GLX_SGI_swap_control GLX_SGI_video_sync 
Renderer: Mesa DRI Intel(R) UHD Graphics 620 (WHL GT2)
Vendor:   Intel Open Source Technology Center
Version:  4.6 (Core Profile) Mesa 20.0.8
GLES:     0
 GL_3DFX_texture_compression_FXT1 GL_AMD_conservative_depth GL_AMD_depth_clamp_separate GL_AMD_draw_buffers_blend GL_AMD_gpu_shader_int64 GL_AMD_multi_draw_indirect GL_AMD_query_buffer_object GL_AMD_seamless_cubemap_per_texture GL_AMD_shader_stencil_export GL_AMD_shader_trinary_minmax GL_AMD_texture_texture4 GL_AMD_vertex_shader_layer GL_AMD_vertex_shader_viewport_index GL_ANGLE_texture_compression_dxt3 GL_ANGLE_texture_compression_dxt5 GL_APPLE_object_purgeable GL_ARB_ES2_compatibility GL_ARB_ES3_1_compatibility GL_ARB_ES3_2_compatibility GL_ARB_ES3_compatibility GL_ARB_arrays_of_arrays GL_ARB_base_instance GL_ARB_blend_func_extended GL_ARB_buffer_storage GL_ARB_clear_buffer_object GL_ARB_clear_texture GL_ARB_clip_control GL_ARB_compressed_texture_pixel_storage GL_ARB_compute_shader GL_ARB_conditional_render_inverted GL_ARB_conservative_depth GL_ARB_copy_buffer GL_ARB_copy_image GL_ARB_cull_distance GL_ARB_debug_output GL_ARB_depth_buffer_float GL_ARB_depth_clamp GL_ARB_derivative_control GL_ARB_direct_stat
e_access GL_ARB_draw_buffers GL_ARB_draw_buffers_blend GL_ARB_draw_elements_base_vertex GL_ARB_draw_indirect GL_ARB_draw_instanced GL_ARB_enhanced_layouts GL_ARB_explicit_attrib_location GL_ARB_explicit_uniform_location GL_ARB_fragment_coord_conventions GL_ARB_fragment_layer_viewport GL_ARB_fragment_shader GL_ARB_fragment_shader_interlock GL_ARB_framebuffer_no_attachments GL_ARB_framebuffer_object GL_ARB_framebuffer_sRGB GL_ARB_get_program_binary GL_ARB_get_texture_sub_image GL_ARB_gl_spirv GL_ARB_gpu_shader5 GL_ARB_gpu_shader_fp64 GL_ARB_gpu_shader_int64 GL_ARB_half_float_pixel GL_ARB_half_float_vertex GL_ARB_indirect_parameters GL_ARB_instanced_arrays GL_ARB_internalformat_query GL_ARB_internalformat_query2 GL_ARB_invalidate_subdata GL_ARB_map_buffer_alignment GL_ARB_map_buffer_range GL_ARB_multi_bind GL_ARB_multi_draw_indirect GL_ARB_occlusion_query2 GL_ARB_parallel_shader_compile GL_ARB_pipeline_statistics_query GL_ARB_pixel_buffer_object GL_ARB_point_sprite GL_ARB_polygon_offset_clamp GL_ARB_post_depth_
coverage GL_ARB_program_interface_query GL_ARB_provoking_vertex GL_ARB_query_buffer_object GL_ARB_robust_buffer_access_behavior GL_ARB_robustness GL_ARB_sample_shading GL_ARB_sampler_objects GL_ARB_seamless_cube_map GL_ARB_seamless_cubemap_per_texture GL_ARB_separate_shader_objects GL_ARB_shader_atomic_counter_ops GL_ARB_shader_atomic_counters GL_ARB_shader_ballot GL_ARB_shader_bit_encoding GL_ARB_shader_clock GL_ARB_shader_draw_parameters GL_ARB_shader_group_vote GL_ARB_shader_image_load_store GL_ARB_shader_image_size GL_ARB_shader_objects GL_ARB_shader_precision GL_ARB_shader_stencil_export GL_ARB_shader_storage_buffer_object GL_ARB_shader_subroutine GL_ARB_shader_texture_image_samples GL_ARB_shader_texture_lod GL_ARB_shader_viewport_layer_array GL_ARB_shading_language_420pack GL_ARB_shading_language_include GL_ARB_shading_language_packing GL_ARB_spirv_extensions GL_ARB_stencil_texturing GL_ARB_sync GL_ARB_tessellation_shader GL_ARB_texture_barrier GL_ARB_texture_buffer_object GL_ARB_texture_buffer_object_
rgb32 GL_ARB_texture_buffer_range GL_ARB_texture_compression_bptc GL_ARB_texture_compression_rgtc GL_ARB_texture_cube_map_array GL_ARB_texture_filter_anisotropic GL_ARB_texture_float GL_ARB_texture_gather GL_ARB_texture_mirror_clamp_to_edge GL_ARB_texture_multisample GL_ARB_texture_non_power_of_two GL_ARB_texture_query_levels GL_ARB_texture_query_lod GL_ARB_texture_rectangle GL_ARB_texture_rg GL_ARB_texture_rgb10_a2ui GL_ARB_texture_stencil8 GL_ARB_texture_storage GL_ARB_texture_storage_multisample GL_ARB_texture_swizzle GL_ARB_texture_view GL_ARB_timer_query GL_ARB_transform_feedback2 GL_ARB_transform_feedback3 GL_ARB_transform_feedback_instanced GL_ARB_transform_feedback_overflow_query GL_ARB_uniform_buffer_object GL_ARB_vertex_array_bgra GL_ARB_vertex_array_object GL_ARB_vertex_attrib_64bit GL_ARB_vertex_attrib_binding GL_ARB_vertex_buffer_object GL_ARB_vertex_shader GL_ARB_vertex_type_10f_11f_11f_rev GL_ARB_vertex_type_2_10_10_10_rev GL_ARB_viewport_array GL_ATI_blend_equation_separate GL_ATI_texture_flo
at GL_EXT_EGL_image_storage GL_EXT_EGL_sync GL_EXT_abgr GL_EXT_blend_equation_separate GL_EXT_demote_to_helper_invocation GL_EXT_draw_buffers2 GL_EXT_draw_instanced GL_EXT_framebuffer_blit GL_EXT_framebuffer_multisample GL_EXT_framebuffer_multisample_blit_scaled GL_EXT_framebuffer_object GL_EXT_framebuffer_sRGB GL_EXT_packed_depth_stencil GL_EXT_packed_float GL_EXT_pixel_buffer_object GL_EXT_polygon_offset_clamp GL_EXT_provoking_vertex GL_EXT_shader_framebuffer_fetch GL_EXT_shader_framebuffer_fetch_non_coherent GL_EXT_shader_integer_mix GL_EXT_shader_samples_identical GL_EXT_texture_array GL_EXT_texture_compression_dxt1 GL_EXT_texture_compression_rgtc GL_EXT_texture_compression_s3tc GL_EXT_texture_filter_anisotropic GL_EXT_texture_integer GL_EXT_texture_sRGB GL_EXT_texture_sRGB_R8 GL_EXT_texture_sRGB_decode GL_EXT_texture_shadow_lod GL_EXT_texture_shared_exponent GL_EXT_texture_snorm GL_EXT_texture_swizzle GL_EXT_timer_query GL_EXT_transform_feedback GL_EXT_vertex_array_bgra GL_EXT_vertex_attrib_64bit GL_IBM
_multimode_draw_arrays GL_INTEL_conservative_rasterization GL_INTEL_performance_query GL_INTEL_shader_atomic_float_minmax GL_INTEL_shader_integer_functions2 GL_KHR_blend_equation_advanced GL_KHR_blend_equation_advanced_coherent GL_KHR_context_flush_control GL_KHR_debug GL_KHR_no_error GL_KHR_parallel_shader_compile GL_KHR_robust_buffer_access_behavior GL_KHR_robustness GL_KHR_texture_compression_astc_ldr GL_KHR_texture_compression_astc_sliced_3d GL_MESA_framebuffer_flip_y GL_MESA_pack_invert GL_MESA_shader_integer_functions GL_MESA_texture_signed_rgba GL_NV_compute_shader_derivatives GL_NV_conditional_render GL_NV_depth_clamp GL_NV_fragment_shader_interlock GL_NV_packed_depth_stencil GL_NV_texture_barrier GL_OES_EGL_image GL_S3_s3tc
OPENGL LOG: Creating OpenGL 4.6 graphics device ; Context level  <OpenGL 4.5> ; Context handle -1662104496
Initialize mono
Mono path[0] = '/home/sebastian/Unity/2020.3.0f1/Editor/Data/Managed'
Mono path[1] = '/home/sebastian/Unity/2020.3.0f1/Editor/Data/MonoBleedingEdge/lib/mono/unityjit'
Mono config path = '/home/sebastian/Unity/2020.3.0f1/Editor/Data/MonoBleedingEdge/etc'
Using monoOptions --debugger-agent=transport=dt_socket,embedding=1,server=y,suspend=n,address=127.0.0.1:56537
Begin MonoManager ReloadAssembly
Registering precompiled unity dll's ...
Register platform support module: /home/sebastian/Unity/2020.3.0f1/Editor/Data/PlaybackEngines/WebGLSupport/UnityEditor.WebGL.Extensions.dll
Register platform support module: /home/sebastian/Unity/2020.3.0f1/Editor/Data/PlaybackEngines/MacStandaloneSupport/UnityEditor.OSXStandalone.Extensions.dll
Register platform support module: /home/sebastian/Unity/2020.3.0f1/Editor/Data/PlaybackEngines/WindowsStandaloneSupport/UnityEditor.WindowsStandalone.Extensions.dll
Register platform support module: /home/sebastian/Unity/2020.3.0f1/Editor/Data/PlaybackEngines/LinuxStandaloneSupport/UnityEditor.LinuxStandalone.Extensions.dll
Registered in 0.001123 seconds.
Native extension for LinuxStandalone target not found
Native extension for WindowsStandalone target not found
Native extension for OSXStandalone target not found
Native extension for WebGL target not found
Refreshing native plugins compatible for Editor in 37.54 ms, found 2 plugins.
Preloading 0 native plugins for Editor in 0.00 ms.
Invoked RoslynAnalysisRunner static constructor.
RoslynAnalysisRunner will not be running.
RoslynAnalysisRunner has terminated.
Mono: successfully reloaded assembly
- Completed reload, in  1.454 seconds
Platform modules already initialized, skipping
Registering precompiled user dll's ...
Registered in 0.002649 seconds.
Begin MonoManager ReloadAssembly
Native extension for LinuxStandalone target not found
Native extension for WindowsStandalone target not found
Native extension for OSXStandalone target not found
Native extension for WebGL target not found
Refreshing native plugins compatible for Editor in 42.32 ms, found 2 plugins.
Preloading 0 native plugins for Editor in 0.00 ms.
Invoked RoslynAnalysisRunner static constructor.
RoslynAnalysisRunner will not be running.
RoslynAnalysisRunner has terminated.
Mono: successfully reloaded assembly
- Completed reload, in  0.956 seconds
Platform modules already initialized, skipping
========================================================================
Worker process is ready to serve import requests
Launched and connected shader compiler UnityShaderCompiler after 0.01 seconds
Refreshing native plugins compatible for Editor in 0.58 ms, found 2 plugins.
Preloading 0 native plugins for Editor in 0.00 ms.
Unloading 1853 Unused Serialized files (Serialized files now loaded: 0)
System memory in use before: 80.0 MB.
System memory in use after: 80.0 MB.

Unloading 36 unused Assets to reduce memory usage. Loaded Objects now: 2326.
Total: 3.353036 ms (FindLiveObjects: 0.246752 ms CreateObjectMapping: 0.106206 ms MarkObjects: 2.764855 ms  DeleteObjects: 0.233619 ms)

========================================================================
Received Import Request.
  path: Assets/Sprites/Brick.png
  artifactKey: Guid(b47799da76f23c895b407d23ebd181da) Importer(815301076,1909f56bfc062723c751e8b465ee728b)
Start importing Assets/Sprites/Brick.png using Guid(b47799da76f23c895b407d23ebd181da) Importer(815301076,1909f56bfc062723c751e8b465ee728b)  -> (artifact id: 'bb8967a5fbb1d5c4eb31b408dc121f93') in 0.080100 seconds
  Import took 0.083550 seconds .

========================================================================
Received Import Request.
  Time since last request: 0.000248 seconds.
  path: Assets/Sprites/Seats.png
  artifactKey: Guid(2a44fde89b00741edb24556fb88107c4) Importer(815301076,1909f56bfc062723c751e8b465ee728b)
Start importing Assets/Sprites/Seats.png using Guid(2a44fde89b00741edb24556fb88107c4) Importer(815301076,1909f56bfc062723c751e8b465ee728b)  -> (artifact id: '70bf0f7ed81e7f1ff36f2827b1bbebc1') in 0.007143 seconds
  Import took 0.010151 seconds .

========================================================================
Received Import Request.
  Time since last request: 0.000257 seconds.
  path: Assets/Sprites/SlimeSplat.png
  artifactKey: Guid(3ffbef83d923561e6a0cd7db24325017) Importer(815301076,1909f56bfc062723c751e8b465ee728b)
Start importing Assets/Sprites/SlimeSplat.png using Guid(3ffbef83d923561e6a0cd7db24325017) Importer(815301076,1909f56bfc062723c751e8b465ee728b)  -> (artifact id: '2171fd971a943caee8205bfefbf1502f') in 0.007067 seconds
  Import took 0.010442 seconds .

========================================================================
Received Import Request.
  Time since last request: 0.000260 seconds.
  path: Assets/Sprites/Crowd.png
  artifactKey: Guid(9740d5bc262b46a47b3ea10c7a3e28da) Importer(815301076,1909f56bfc062723c751e8b465ee728b)
Start importing Assets/Sprites/Crowd.png using Guid(9740d5bc262b46a47b3ea10c7a3e28da) Importer(815301076,1909f56bfc062723c751e8b465ee728b)  -> (artifact id: 'bdaa47ffabe86e22d3606983601cc450') in 0.005491 seconds
  Import took 0.008921 seconds .

========================================================================
Received Import Request.
  Time since last request: 7.977137 seconds.
  path: Assets/Sprites/Crowd.png
  artifactKey: Guid(9740d5bc262b46a47b3ea10c7a3e28da) Importer(815301076,1909f56bfc062723c751e8b465ee728b)
Start importing Assets/Sprites/Crowd.png using Guid(9740d5bc262b46a47b3ea10c7a3e28da) Importer(815301076,1909f56bfc062723c751e8b465ee728b)  -> (artifact id: 'b350cb9a019bac769813ae198490716d') in 0.003636 seconds
  Import took 0.007105 seconds .

========================================================================
Received Import Request.
  Time since last request: 0.060096 seconds.
  path: Assets/Sprites/Crowd.png
  artifactKey: Guid(9740d5bc262b46a47b3ea10c7a3e28da) Importer(815301076,1909f56bfc062723c751e8b465ee728b)
Start importing Assets/Sprites/Crowd.png using Guid(9740d5bc262b46a47b3ea10c7a3e28da) Importer(815301076,1909f56bfc062723c751e8b465ee728b)  -> (artifact id: 'b350cb9a019bac769813ae198490716d') in 0.005897 seconds
  Import took 0.009130 seconds .

========================================================================
Received Import Request.
  Time since last request: 74.034592 seconds.
  path: Assets/Sprites/Crowd.png
  artifactKey: Guid(9740d5bc262b46a47b3ea10c7a3e28da) Importer(815301076,1909f56bfc062723c751e8b465ee728b)
Start importing Assets/Sprites/Crowd.png using Guid(9740d5bc262b46a47b3ea10c7a3e28da) Importer(815301076,1909f56bfc062723c751e8b465ee728b)  -> (artifact id: '5fc393b46dbb6340dd384f40adfb21a4') in 0.025453 seconds
  Import took 0.029136 seconds .

========================================================================
Received Import Request.
  Time since last request: 124.115825 seconds.
  path: ProjectSettings/TagManager.asset
  artifactKey: Guid(00000000000000003000000000000000) Importer(815301076,1909f56bfc062723c751e8b465ee728b)
Start importing ProjectSettings/TagManager.asset using Guid(00000000000000003000000000000000) Importer(815301076,1909f56bfc062723c751e8b465ee728b)  -> (artifact id: 'e58c32c74971579209c983feef23e212') in 0.001305 seconds
  Import took 0.005368 seconds .

========================================================================
Received Import Request.
  Time since last request: 0.008329 seconds.
  path: ProjectSettings/TagManager.asset
  artifactKey: Guid(00000000000000003000000000000000) Importer(815301076,1909f56bfc062723c751e8b465ee728b)
Start importing ProjectSettings/TagManager.asset using Guid(00000000000000003000000000000000) Importer(815301076,1909f56bfc062723c751e8b465ee728b)  -> (artifact id: 'e58c32c74971579209c983feef23e212') in 0.001251 seconds
  Import took 0.005583 seconds .

========================================================================
Received Prepare
Registering precompiled user dll's ...
Registered in 0.002384 seconds.
Begin MonoManager ReloadAssembly
Native extension for LinuxStandalone target not found
Native extension for WindowsStandalone target not found
Native extension for OSXStandalone target not found
Native extension for WebGL target not found
Refreshing native plugins compatible for Editor in 0.48 ms, found 2 plugins.
Preloading 0 native plugins for Editor in 0.00 ms.
Invoked RoslynAnalysisRunner static constructor.
RoslynAnalysisRunner will not be running.
RoslynAnalysisRunner has terminated.
Mono: successfully reloaded assembly
- Completed reload, in  0.862 seconds
Platform modules already initialized, skipping
Refreshing native plugins compatible for Editor in 0.44 ms, found 2 plugins.
Preloading 0 native plugins for Editor in 0.00 ms.
Unloading 1843 Unused Serialized files (Serialized files now loaded: 0)
System memory in use before: 81.0 MB.
System memory in use after: 81.0 MB.

Unloading 26 unused Assets to reduce memory usage. Loaded Objects now: 2352.
Total: 3.205552 ms (FindLiveObjects: 0.247027 ms CreateObjectMapping: 0.069893 ms MarkObjects: 2.742358 ms  DeleteObjects: 0.144060 ms)

========================================================================
Received Prepare
Registering precompiled user dll's ...
Registered in 0.002476 seconds.
Begin MonoManager ReloadAssembly
Native extension for LinuxStandalone target not found
Native extension for WindowsStandalone target not found
Native extension for OSXStandalone target not found
Native extension for WebGL target not found
Refreshing native plugins compatible for Editor in 0.45 ms, found 2 plugins.
Preloading 0 native plugins for Editor in 0.00 ms.
Invoked RoslynAnalysisRunner static constructor.
RoslynAnalysisRunner will not be running.
RoslynAnalysisRunner has terminated.
Mono: successfully reloaded assembly
- Completed reload, in  0.832 seconds
Platform modules already initialized, skipping
Refreshing native plugins compatible for Editor in 0.45 ms, found 2 plugins.
Preloading 0 native plugins for Editor in 0.00 ms.
Unloading 1843 Unused Serialized files (Serialized files now loaded: 0)
System memory in use before: 81.0 MB.
System memory in use after: 81.0 MB.

Unloading 24 unused Assets to reduce memory usage. Loaded Objects now: 2356.
Total: 3.219357 ms (FindLiveObjects: 0.251360 ms CreateObjectMapping: 0.098318 ms MarkObjects: 2.743792 ms  DeleteObjects: 0.123862 ms)

========================================================================
Received Prepare
Registering precompiled user dll's ...
Registered in 0.002352 seconds.
Begin MonoManager ReloadAssembly
Native extension for LinuxStandalone target not found
Native extension for WindowsStandalone target not found
Native extension for OSXStandalone target not found
Native extension for WebGL target not found
Refreshing native plugins compatible for Editor in 0.45 ms, found 2 plugins.
Preloading 0 native plugins for Editor in 0.00 ms.
Invoked RoslynAnalysisRunner static constructor.
RoslynAnalysisRunner will not be running.
RoslynAnalysisRunner has terminated.
Mono: successfully reloaded assembly
- Completed reload, in  0.850 seconds
Platform modules already initialized, skipping
Refreshing native plugins compatible for Editor in 0.61 ms, found 2 plugins.
Preloading 0 native plugins for Editor in 0.00 ms.
Unloading 1843 Unused Serialized files (Serialized files now loaded: 0)
System memory in use before: 81.1 MB.
System memory in use after: 81.1 MB.

Unloading 24 unused Assets to reduce memory usage. Loaded Objects now: 2360.
Total: 3.286520 ms (FindLiveObjects: 0.201174 ms CreateObjectMapping: 0.072163 ms MarkObjects: 2.881728 ms  DeleteObjects: 0.129744 ms)

========================================================================
Received Prepare
Registering precompiled user dll's ...
Registered in 0.002395 seconds.
Begin MonoManager ReloadAssembly
Native extension for LinuxStandalone target not found
Native extension for WindowsStandalone target not found
Native extension for OSXStandalone target not found
Native extension for WebGL target not found
Refreshing native plugins compatible for Editor in 0.45 ms, found 2 plugins.
Preloading 0 native plugins for Editor in 0.00 ms.
Invoked RoslynAnalysisRunner static constructor.
RoslynAnalysisRunner will not be running.
RoslynAnalysisRunner has terminated.
Mono: successfully reloaded assembly
- Completed reload, in  0.861 seconds
Platform modules already initialized, skipping
Refreshing native plugins compatible for Editor in 0.48 ms, found 2 plugins.
Preloading 0 native plugins for Editor in 0.00 ms.
Unloading 1843 Unused Serialized files (Serialized files now loaded: 0)
System memory in use before: 81.1 MB.
System memory in use after: 81.1 MB.

Unloading 24 unused Assets to reduce memory usage. Loaded Objects now: 2364.
Total: 3.184471 ms (FindLiveObjects: 0.223703 ms CreateObjectMapping: 0.091627 ms MarkObjects: 2.724796 ms  DeleteObjects: 0.142737 ms)

========================================================================
Received Prepare
Registering precompiled user dll's ...
Registered in 0.002488 seconds.
Begin MonoManager ReloadAssembly
Native extension for LinuxStandalone target not found
Native extension for WindowsStandalone target not found
Native extension for OSXStandalone target not found
Native extension for WebGL target not found
Refreshing native plugins compatible for Editor in 0.47 ms, found 2 plugins.
Preloading 0 native plugins for Editor in 0.00 ms.
Invoked RoslynAnalysisRunner static constructor.
RoslynAnalysisRunner will not be running.
RoslynAnalysisRunner has terminated.
Mono: successfully reloaded assembly
- Completed reload, in  0.846 seconds
Platform modules already initialized, skipping
Refreshing native plugins compatible for Editor in 0.55 ms, found 2 plugins.
Preloading 0 native plugins for Editor in 0.00 ms.
Unloading 1843 Unused Serialized files (Serialized files now loaded: 0)
System memory in use before: 81.1 MB.
System memory in use after: 81.1 MB.

Unloading 24 unused Assets to reduce memory usage. Loaded Objects now: 2368.
Total: 3.314735 ms (FindLiveObjects: 0.231271 ms CreateObjectMapping: 0.082742 ms MarkObjects: 2.845004 ms  DeleteObjects: 0.153589 ms)

========================================================================
Received Prepare
Registering precompiled user dll's ...
Registered in 0.002389 seconds.
Begin MonoManager ReloadAssembly
Native extension for LinuxStandalone target not found
Native extension for WindowsStandalone target not found
Native extension for OSXStandalone target not found
Native extension for WebGL target not found
Refreshing native plugins compatible for Editor in 0.54 ms, found 2 plugins.
Preloading 0 native plugins for Editor in 0.00 ms.
Invoked RoslynAnalysisRunner static constructor.
RoslynAnalysisRunner will not be running.
RoslynAnalysisRunner has terminated.
Mono: successfully reloaded assembly
- Completed reload, in  0.862 seconds
Platform modules already initialized, skipping
Refreshing native plugins compatible for Editor in 0.49 ms, found 2 plugins.
Preloading 0 native plugins for Editor in 0.00 ms.
Unloading 1843 Unused Serialized files (Serialized files now loaded: 0)
System memory in use before: 81.1 MB.
System memory in use after: 81.1 MB.

Unloading 24 unused Assets to reduce memory usage. Loaded Objects now: 2372.
Total: 3.376040 ms (FindLiveObjects: 0.220566 ms CreateObjectMapping: 0.062174 ms MarkObjects: 2.925741 ms  DeleteObjects: 0.165972 ms)

========================================================================
Received Import Request.
  Time since last request: 922.725404 seconds.
  path: Assets/PreFabs/Basketball.prefab
  artifactKey: Guid(4a0598ebcbe12caa8bc2ad7bc4974fe0) Importer(815301076,1909f56bfc062723c751e8b465ee728b)
Start importing Assets/PreFabs/Basketball.prefab using Guid(4a0598ebcbe12caa8bc2ad7bc4974fe0) Importer(815301076,1909f56bfc062723c751e8b465ee728b)  -> (artifact id: '2c228b530f743f2b3fc971d3c8a2ec9a') in 0.055531 seconds
  Import took 0.058896 seconds .

========================================================================
Received Import Request.
  Time since last request: 5.436957 seconds.
  path: Assets/PreFabs/IceBall.prefab
  artifactKey: Guid(993bdfdfd4f19479f9e2d2603bdb3ff0) Importer(815301076,1909f56bfc062723c751e8b465ee728b)
Start importing Assets/PreFabs/IceBall.prefab using Guid(993bdfdfd4f19479f9e2d2603bdb3ff0) Importer(815301076,1909f56bfc062723c751e8b465ee728b)  -> (artifact id: '82eb0a8815e6c7de0d88bb37e43a2983') in 0.005652 seconds
  Import took 0.009030 seconds .

========================================================================
Received Import Request.
  Time since last request: 2.837643 seconds.
  path: Assets/PreFabs/SlimeBall.prefab
  artifactKey: Guid(79b9600c9c40f97349f1836a40feaa49) Importer(815301076,1909f56bfc062723c751e8b465ee728b)
Start importing Assets/PreFabs/SlimeBall.prefab using Guid(79b9600c9c40f97349f1836a40feaa49) Importer(815301076,1909f56bfc062723c751e8b465ee728b)  -> (artifact id: '4dd14f70da27fde1198b5683e17f77a6') in 0.005788 seconds
  Import took 0.009414 seconds .

========================================================================
Received Prepare
Registering precompiled user dll's ...
Registered in 0.002374 seconds.
Begin MonoManager ReloadAssembly
Native extension for LinuxStandalone target not found
Native extension for WindowsStandalone target not found
Native extension for OSXStandalone target not found
Native extension for WebGL target not found
Refreshing native plugins compatible for Editor in 0.97 ms, found 2 plugins.
Preloading 0 native plugins for Editor in 0.00 ms.
Invoked RoslynAnalysisRunner static constructor.
RoslynAnalysisRunner will not be running.
RoslynAnalysisRunner has terminated.
Mono: successfully reloaded assembly
- Completed reload, in  0.871 seconds
Platform modules already initialized, skipping
Refreshing native plugins compatible for Editor in 0.44 ms, found 2 plugins.
Preloading 0 native plugins for Editor in 0.00 ms.
Unloading 1843 Unused Serialized files (Serialized files now loaded: 0)
System memory in use before: 81.1 MB.
System memory in use after: 81.1 MB.

Unloading 24 unused Assets to reduce memory usage. Loaded Objects now: 2381.
Total: 7.984159 ms (FindLiveObjects: 0.583469 ms CreateObjectMapping: 0.341624 ms MarkObjects: 6.816254 ms  DeleteObjects: 0.238036 ms)

========================================================================
Received Prepare
Registering precompiled user dll's ...
Registered in 0.002344 seconds.
Begin MonoManager ReloadAssembly
Native extension for LinuxStandalone target not found
Native extension for WindowsStandalone target not found
Native extension for OSXStandalone target not found
Native extension for WebGL target not found
Refreshing native plugins compatible for Editor in 0.51 ms, found 2 plugins.
Preloading 0 native plugins for Editor in 0.00 ms.
Invoked RoslynAnalysisRunner static constructor.
RoslynAnalysisRunner will not be running.
RoslynAnalysisRunner has terminated.
Mono: successfully reloaded assembly
- Completed reload, in  0.885 seconds
Platform modules already initialized, skipping
Refreshing native plugins compatible for Editor in 0.45 ms, found 2 plugins.
Preloading 0 native plugins for Editor in 0.00 ms.
Unloading 1843 Unused Serialized files (Serialized files now loaded: 0)
System memory in use before: 81.1 MB.
System memory in use after: 81.1 MB.

Unloading 24 unused Assets to reduce memory usage. Loaded Objects now: 2385.
Total: 7.593409 ms (FindLiveObjects: 0.660108 ms CreateObjectMapping: 0.347996 ms MarkObjects: 6.337440 ms  DeleteObjects: 0.242786 ms)

========================================================================
Received Import Request.
  Time since last request: 134.180110 seconds.
  path: Assets/Scripts/Spawner.cs
  artifactKey: Guid(f4a977e717199466582b1f4dab246d89) Importer(815301076,1909f56bfc062723c751e8b465ee728b)
Start importing Assets/Scripts/Spawner.cs using Guid(f4a977e717199466582b1f4dab246d89) Importer(815301076,1909f56bfc062723c751e8b465ee728b)  -> (artifact id: '10724538b5364fd3a6f7af14b63a3410') in 0.003418 seconds
  Import took 0.007098 seconds .

========================================================================
Received Import Request.
  Time since last request: 0.000428 seconds.
  path: Assets/Scripts/Spawner.cs
  artifactKey: Guid(f4a977e717199466582b1f4dab246d89) Importer(815301076,1909f56bfc062723c751e8b465ee728b)
Start importing Assets/Scripts/Spawner.cs using Guid(f4a977e717199466582b1f4dab246d89) Importer(815301076,1909f56bfc062723c751e8b465ee728b)  -> (artifact id: '10724538b5364fd3a6f7af14b63a3410') in 0.000573 seconds
  Import took 0.003960 seconds .

========================================================================
Received Prepare
Registering precompiled user dll's ...
Registered in 0.002471 seconds.
Begin MonoManager ReloadAssembly
Native extension for LinuxStandalone target not found
Native extension for WindowsStandalone target not found
Native extension for OSXStandalone target not found
Native extension for WebGL target not found
Refreshing native plugins compatible for Editor in 0.47 ms, found 2 plugins.
Preloading 0 native plugins for Editor in 0.00 ms.
Invoked RoslynAnalysisRunner static constructor.
RoslynAnalysisRunner will not be running.
RoslynAnalysisRunner has terminated.
Mono: successfully reloaded assembly
- Completed reload, in  0.807 seconds
Platform modules already initialized, skipping
Refreshing native plugins compatible for Editor in 0.55 ms, found 2 plugins.
Preloading 0 native plugins for Editor in 0.00 ms.
Unloading 1843 Unused Serialized files (Serialized files now loaded: 0)
System memory in use before: 81.1 MB.
System memory in use after: 81.2 MB.

Unloading 24 unused Assets to reduce memory usage. Loaded Objects now: 2389.
Total: 2.911248 ms (FindLiveObjects: 0.218753 ms CreateObjectMapping: 0.070169 ms MarkObjects: 2.495004 ms  DeleteObjects: 0.125880 ms)

========================================================================
Received Import Request.
  Time since last request: 175.699058 seconds.
  path: Assets/Scripts/Player.cs
  artifactKey: Guid(ce720e044e1cd8e4cab87ade7e2f86e2) Importer(815301076,1909f56bfc062723c751e8b465ee728b)
Start importing Assets/Scripts/Player.cs using Guid(ce720e044e1cd8e4cab87ade7e2f86e2) Importer(815301076,1909f56bfc062723c751e8b465ee728b)  -> (artifact id: 'a735b32d5b41af4f98d1ae8d2dd3faa1') in 0.003229 seconds
  Import took 0.006507 seconds .

========================================================================
Received Import Request.
  Time since last request: 93.749769 seconds.
  path: Assets/PreFabs/Brick.prefab
  artifactKey: Guid(17da6d5127b22d7658aa65ae491fa7aa) Importer(815301076,1909f56bfc062723c751e8b465ee728b)
Start importing Assets/PreFabs/Brick.prefab using Guid(17da6d5127b22d7658aa65ae491fa7aa) Importer(815301076,1909f56bfc062723c751e8b465ee728b)  -> (artifact id: '189e412b20e0eddbb10fb963a3384f04') in 0.053252 seconds
  Import took 0.056904 seconds .

========================================================================
Received Import Request.
  Time since last request: 286.573448 seconds.
  path: Assets/Scripts/Spawner.cs
  artifactKey: Guid(f4a977e717199466582b1f4dab246d89) Importer(815301076,1909f56bfc062723c751e8b465ee728b)
Start importing Assets/Scripts/Spawner.cs using Guid(f4a977e717199466582b1f4dab246d89) Importer(815301076,1909f56bfc062723c751e8b465ee728b)  -> (artifact id: '14859aed7c2832f1a63624319897c4cb') in 0.000625 seconds
  Import took 0.004250 seconds .

========================================================================
Received Import Request.
  Time since last request: 0.002136 seconds.
  path: Assets/Scripts/Spawner.cs
  artifactKey: Guid(f4a977e717199466582b1f4dab246d89) Importer(815301076,1909f56bfc062723c751e8b465ee728b)
Start importing Assets/Scripts/Spawner.cs using Guid(f4a977e717199466582b1f4dab246d89) Importer(815301076,1909f56bfc062723c751e8b465ee728b)  -> (artifact id: '14859aed7c2832f1a63624319897c4cb') in 0.000550 seconds
  Import took 0.003878 seconds .

========================================================================
Received Prepare
Registering precompiled user dll's ...
Registered in 0.003749 seconds.
Begin MonoManager ReloadAssembly
Native extension for LinuxStandalone target not found
Native extension for WindowsStandalone target not found
Native extension for OSXStandalone target not found
Native extension for WebGL target not found
Refreshing native plugins compatible for Editor in 0.53 ms, found 2 plugins.
Preloading 0 native plugins for Editor in 0.00 ms.
Invoked RoslynAnalysisRunner static constructor.
RoslynAnalysisRunner will not be running.
RoslynAnalysisRunner has terminated.
Mono: successfully reloaded assembly
- Completed reload, in  0.805 seconds
Platform modules already initialized, skipping
Refreshing native plugins compatible for Editor in 0.56 ms, found 2 plugins.
Preloading 0 native plugins for Editor in 0.00 ms.
Unloading 1843 Unused Serialized files (Serialized files now loaded: 0)
System memory in use before: 81.2 MB.
System memory in use after: 81.2 MB.

Unloading 24 unused Assets to reduce memory usage. Loaded Objects now: 2394.
Total: 3.352116 ms (FindLiveObjects: 0.393559 ms CreateObjectMapping: 0.069015 ms MarkObjects: 2.744979 ms  DeleteObjects: 0.143345 ms)

========================================================================
Received Import Request.
  Time since last request: 49.601512 seconds.
  path: Assets/PreFabs/Basketball.prefab
  artifactKey: Guid(4a0598ebcbe12caa8bc2ad7bc4974fe0) Importer(815301076,1909f56bfc062723c751e8b465ee728b)
Start importing Assets/PreFabs/Basketball.prefab using Guid(4a0598ebcbe12caa8bc2ad7bc4974fe0) Importer(815301076,1909f56bfc062723c751e8b465ee728b)  -> (artifact id: '28bca0502fb79cbf6abe6754b98b75c3') in 0.052366 seconds
  Import took 0.056555 seconds .

========================================================================
Received Import Request.
  Time since last request: 0.000284 seconds.
  path: Assets/PreFabs/SlimeBall.prefab
  artifactKey: Guid(79b9600c9c40f97349f1836a40feaa49) Importer(815301076,1909f56bfc062723c751e8b465ee728b)
Start importing Assets/PreFabs/SlimeBall.prefab using Guid(79b9600c9c40f97349f1836a40feaa49) Importer(815301076,1909f56bfc062723c751e8b465ee728b)  -> (artifact id: 'c0ab183b2116597ad6860540cd009757') in 0.006436 seconds
  Import took 0.009715 seconds .

========================================================================
Received Import Request.
  Time since last request: 0.000212 seconds.
  path: Assets/PreFabs/MetalBall.prefab
  artifactKey: Guid(c1677454cba641c9db497d401ac2712f) Importer(815301076,1909f56bfc062723c751e8b465ee728b)
Start importing Assets/PreFabs/MetalBall.prefab using Guid(c1677454cba641c9db497d401ac2712f) Importer(815301076,1909f56bfc062723c751e8b465ee728b)  -> (artifact id: '02c89eba5ef044c4686acb008fb3b7e3') in 0.007700 seconds
  Import took 0.011675 seconds .

========================================================================
Received Import Request.
  Time since last request: 0.000181 seconds.
  path: Assets/PreFabs/IceBall.prefab
  artifactKey: Guid(993bdfdfd4f19479f9e2d2603bdb3ff0) Importer(815301076,1909f56bfc062723c751e8b465ee728b)
Start importing Assets/PreFabs/IceBall.prefab using Guid(993bdfdfd4f19479f9e2d2603bdb3ff0) Importer(815301076,1909f56bfc062723c751e8b465ee728b)  -> (artifact id: 'd000dcd8bf1c4d719ae9d6e495086dd7') in 0.006019 seconds
  Import took 0.009928 seconds .

========================================================================
Received Import Request.
  Time since last request: 0.000241 seconds.
  path: Assets/PreFabs/FireBall.prefab
  artifactKey: Guid(f68db80948af5b028b6082d9f7f92c6e) Importer(815301076,1909f56bfc062723c751e8b465ee728b)
Start importing Assets/PreFabs/FireBall.prefab using Guid(f68db80948af5b028b6082d9f7f92c6e) Importer(815301076,1909f56bfc062723c751e8b465ee728b)  -> (artifact id: 'f60a0d356db97cfbc016130fe2017b4c') in 0.005913 seconds
  Import took 0.009203 seconds .

========================================================================
Received Import Request.
  Time since last request: 27.615408 seconds.
  path: Assets/PreFabs/FireBall.prefab
  artifactKey: Guid(f68db80948af5b028b6082d9f7f92c6e) Importer(815301076,1909f56bfc062723c751e8b465ee728b)
Start importing Assets/PreFabs/FireBall.prefab using Guid(f68db80948af5b028b6082d9f7f92c6e) Importer(815301076,1909f56bfc062723c751e8b465ee728b)  -> (artifact id: '77cca8ea0275f6b58f0134f8e28cd4a3') in 0.007537 seconds
  Import took 0.011992 seconds .

========================================================================
Received Import Request.
  Time since last request: 1.724438 seconds.
  path: Assets/PreFabs/IceBall.prefab
  artifactKey: Guid(993bdfdfd4f19479f9e2d2603bdb3ff0) Importer(815301076,1909f56bfc062723c751e8b465ee728b)
Start importing Assets/PreFabs/IceBall.prefab using Guid(993bdfdfd4f19479f9e2d2603bdb3ff0) Importer(815301076,1909f56bfc062723c751e8b465ee728b)  -> (artifact id: '7992ffc6e59d700e03e27c2659cb7555') in 0.005508 seconds
  Import took 0.008945 seconds .

========================================================================
Received Import Request.
  Time since last request: 1.660733 seconds.
  path: Assets/PreFabs/MetalBall.prefab
  artifactKey: Guid(c1677454cba641c9db497d401ac2712f) Importer(815301076,1909f56bfc062723c751e8b465ee728b)
Start importing Assets/PreFabs/MetalBall.prefab using Guid(c1677454cba641c9db497d401ac2712f) Importer(815301076,1909f56bfc062723c751e8b465ee728b)  -> (artifact id: '946fe7add639afe65f3185c2b9600966') in 0.005878 seconds
  Import took 0.009548 seconds .

========================================================================
Received Import Request.
  Time since last request: 1.131526 seconds.
  path: Assets/PreFabs/SlimeBall.prefab
  artifactKey: Guid(79b9600c9c40f97349f1836a40feaa49) Importer(815301076,1909f56bfc062723c751e8b465ee728b)
Start importing Assets/PreFabs/SlimeBall.prefab using Guid(79b9600c9c40f97349f1836a40feaa49) Importer(815301076,1909f56bfc062723c751e8b465ee728b)  -> (artifact id: '3b8d9047dae255d2f6f9f9735b9eeaec') in 0.006411 seconds
  Import took 0.010278 seconds .

========================================================================
Received Prepare
Registering precompiled user dll's ...
Registered in 0.002461 seconds.
Begin MonoManager ReloadAssembly
Native extension for LinuxStandalone target not found
Native extension for WindowsStandalone target not found
Native extension for OSXStandalone target not found
Native extension for WebGL target not found
Refreshing native plugins compatible for Editor in 0.46 ms, found 2 plugins.
Preloading 0 native plugins for Editor in 0.00 ms.
Invoked RoslynAnalysisRunner static constructor.
RoslynAnalysisRunner will not be running.
RoslynAnalysisRunner has terminated.
Mono: successfully reloaded assembly
- Completed reload, in  0.858 seconds
Platform modules already initialized, skipping
Refreshing native plugins compatible for Editor in 0.49 ms, found 2 plugins.
Preloading 0 native plugins for Editor in 0.00 ms.
Unloading 1843 Unused Serialized files (Serialized files now loaded: 0)
System memory in use before: 81.2 MB.
System memory in use after: 81.2 MB.

Unloading 24 unused Assets to reduce memory usage. Loaded Objects now: 2399.
Total: 3.378397 ms (FindLiveObjects: 0.256486 ms CreateObjectMapping: 0.116591 ms MarkObjects: 2.868138 ms  DeleteObjects: 0.135531 ms)

========================================================================
Received Prepare
Registering precompiled user dll's ...
Registered in 0.002421 seconds.
Begin MonoManager ReloadAssembly
Native extension for LinuxStandalone target not found
Native extension for WindowsStandalone target not found
Native extension for OSXStandalone target not found
Native extension for WebGL target not found
Refreshing native plugins compatible for Editor in 0.59 ms, found 2 plugins.
Preloading 0 native plugins for Editor in 0.00 ms.
Invoked RoslynAnalysisRunner static constructor.
RoslynAnalysisRunner will not be running.
RoslynAnalysisRunner has terminated.
Mono: successfully reloaded assembly
- Completed reload, in  0.822 seconds
Platform modules already initialized, skipping
Refreshing native plugins compatible for Editor in 0.54 ms, found 2 plugins.
Preloading 0 native plugins for Editor in 0.00 ms.
Unloading 1843 Unused Serialized files (Serialized files now loaded: 0)
System memory in use before: 81.2 MB.
System memory in use after: 81.2 MB.

Unloading 24 unused Assets to reduce memory usage. Loaded Objects now: 2403.
Total: 3.320476 ms (FindLiveObjects: 0.402603 ms CreateObjectMapping: 0.095385 ms MarkObjects: 2.683689 ms  DeleteObjects: 0.137444 ms)

========================================================================
Received Prepare
Registering precompiled user dll's ...
Registered in 0.002425 seconds.
Begin MonoManager ReloadAssembly
Native extension for LinuxStandalone target not found
Native extension for WindowsStandalone target not found
Native extension for OSXStandalone target not found
Native extension for WebGL target not found
Refreshing native plugins compatible for Editor in 0.46 ms, found 2 plugins.
Preloading 0 native plugins for Editor in 0.00 ms.
Invoked RoslynAnalysisRunner static constructor.
RoslynAnalysisRunner will not be running.
RoslynAnalysisRunner has terminated.
Mono: successfully reloaded assembly
- Completed reload, in  0.866 seconds
Platform modules already initialized, skipping
Refreshing native plugins compatible for Editor in 0.59 ms, found 2 plugins.
Preloading 0 native plugins for Editor in 0.00 ms.
Unloading 1843 Unused Serialized files (Serialized files now loaded: 0)
System memory in use before: 81.2 MB.
System memory in use after: 81.2 MB.

Unloading 24 unused Assets to reduce memory usage. Loaded Objects now: 2407.
Total: 3.416996 ms (FindLiveObjects: 0.338028 ms CreateObjectMapping: 0.126560 ms MarkObjects: 2.800565 ms  DeleteObjects: 0.149972 ms)

========================================================================
Received Prepare
Registering precompiled user dll's ...
Registered in 0.002408 seconds.
Begin MonoManager ReloadAssembly
Native extension for LinuxStandalone target not found
Native extension for WindowsStandalone target not found
Native extension for OSXStandalone target not found
Native extension for WebGL target not found
Refreshing native plugins compatible for Editor in 0.51 ms, found 2 plugins.
Preloading 0 native plugins for Editor in 0.00 ms.
Invoked RoslynAnalysisRunner static constructor.
RoslynAnalysisRunner will not be running.
RoslynAnalysisRunner has terminated.
Mono: successfully reloaded assembly
- Completed reload, in  0.823 seconds
Platform modules already initialized, skipping
Refreshing native plugins compatible for Editor in 0.48 ms, found 2 plugins.
Preloading 0 native plugins for Editor in 0.00 ms.
Unloading 1843 Unused Serialized files (Serialized files now loaded: 0)
System memory in use before: 81.2 MB.
System memory in use after: 81.2 MB.

Unloading 24 unused Assets to reduce memory usage. Loaded Objects now: 2411.
Total: 5.625293 ms (FindLiveObjects: 0.423463 ms CreateObjectMapping: 0.180812 ms MarkObjects: 4.811045 ms  DeleteObjects: 0.207389 ms)

========================================================================
Received Prepare
Registering precompiled user dll's ...
Registered in 0.002434 seconds.
Begin MonoManager ReloadAssembly
Native extension for LinuxStandalone target not found
Native extension for WindowsStandalone target not found
Native extension for OSXStandalone target not found
Native extension for WebGL target not found
Refreshing native plugins compatible for Editor in 0.45 ms, found 2 plugins.
Preloading 0 native plugins for Editor in 0.00 ms.
Invoked RoslynAnalysisRunner static constructor.
RoslynAnalysisRunner will not be running.
RoslynAnalysisRunner has terminated.
Mono: successfully reloaded assembly
- Completed reload, in  0.868 seconds
Platform modules already initialized, skipping
Refreshing native plugins compatible for Editor in 0.47 ms, found 2 plugins.
Preloading 0 native plugins for Editor in 0.00 ms.
Unloading 1843 Unused Serialized files (Serialized files now loaded: 0)
System memory in use before: 81.2 MB.
System memory in use after: 81.2 MB.

Unloading 24 unused Assets to reduce memory usage. Loaded Objects now: 2415.
Total: 3.197374 ms (FindLiveObjects: 0.251858 ms CreateObjectMapping: 0.075487 ms MarkObjects: 2.715306 ms  DeleteObjects: 0.152915 ms)

========================================================================
Received Prepare
Registering precompiled user dll's ...
Registered in 0.002429 seconds.
Begin MonoManager ReloadAssembly
Native extension for LinuxStandalone target not found
Native extension for WindowsStandalone target not found
Native extension for OSXStandalone target not found
Native extension for WebGL target not found
Refreshing native plugins compatible for Editor in 0.45 ms, found 2 plugins.
Preloading 0 native plugins for Editor in 0.00 ms.
Invoked RoslynAnalysisRunner static constructor.
RoslynAnalysisRunner will not be running.
RoslynAnalysisRunner has terminated.
Mono: successfully reloaded assembly
- Completed reload, in  0.851 seconds
Platform modules already initialized, skipping
Refreshing native plugins compatible for Editor in 0.45 ms, found 2 plugins.
Preloading 0 native plugins for Editor in 0.00 ms.
Unloading 1843 Unused Serialized files (Serialized files now loaded: 0)
System memory in use before: 81.2 MB.
System memory in use after: 81.2 MB.

Unloading 24 unused Assets to reduce memory usage. Loaded Objects now: 2419.
Total: 8.336605 ms (FindLiveObjects: 1.140621 ms CreateObjectMapping: 0.240590 ms MarkObjects: 6.788967 ms  DeleteObjects: 0.163870 ms)

========================================================================
Received Prepare
Registering precompiled user dll's ...
Registered in 0.002407 seconds.
Begin MonoManager ReloadAssembly
Native extension for LinuxStandalone target not found
Native extension for WindowsStandalone target not found
Native extension for OSXStandalone target not found
Native extension for WebGL target not found
Refreshing native plugins compatible for Editor in 0.53 ms, found 2 plugins.
Preloading 0 native plugins for Editor in 0.00 ms.
Invoked RoslynAnalysisRunner static constructor.
RoslynAnalysisRunner will not be running.
RoslynAnalysisRunner has terminated.
Mono: successfully reloaded assembly
- Completed reload, in  0.827 seconds
Platform modules already initialized, skipping
Refreshing native plugins compatible for Editor in 0.44 ms, found 2 plugins.
Preloading 0 native plugins for Editor in 0.00 ms.
Unloading 1844 Unused Serialized files (Serialized files now loaded: 0)
System memory in use before: 81.3 MB.
System memory in use after: 81.3 MB.

Unloading 24 unused Assets to reduce memory usage. Loaded Objects now: 2424.
Total: 2.900796 ms (FindLiveObjects: 0.221441 ms CreateObjectMapping: 0.070139 ms MarkObjects: 2.477208 ms  DeleteObjects: 0.130390 ms)

========================================================================
Received Import Request.
  Time since last request: 372.456014 seconds.
  path: Assets/Scripts/Brick.cs
  artifactKey: Guid(b98117e05095d47b2b205886928163ee) Importer(815301076,1909f56bfc062723c751e8b465ee728b)
Start importing Assets/Scripts/Brick.cs using Guid(b98117e05095d47b2b205886928163ee) Importer(815301076,1909f56bfc062723c751e8b465ee728b)  -> (artifact id: 'c3e84e9904a2e7368f9efcaeee87eeb4') in 0.002908 seconds
  Import took 0.005753 seconds .

========================================================================
Received Import Request.
  Time since last request: 20.379880 seconds.
  path: Assets/Scripts/Player.cs
  artifactKey: Guid(ce720e044e1cd8e4cab87ade7e2f86e2) Importer(815301076,1909f56bfc062723c751e8b465ee728b)
Start importing Assets/Scripts/Player.cs using Guid(ce720e044e1cd8e4cab87ade7e2f86e2) Importer(815301076,1909f56bfc062723c751e8b465ee728b)  -> (artifact id: '0d109e8cbacc30b9b96932504fb38957') in 0.000682 seconds
  Import took 0.004358 seconds .

========================================================================
Received Import Request.
  Time since last request: 0.002953 seconds.
  path: Assets/Scripts/Player.cs
  artifactKey: Guid(ce720e044e1cd8e4cab87ade7e2f86e2) Importer(815301076,1909f56bfc062723c751e8b465ee728b)
Start importing Assets/Scripts/Player.cs using Guid(ce720e044e1cd8e4cab87ade7e2f86e2) Importer(815301076,1909f56bfc062723c751e8b465ee728b)  -> (artifact id: '0d109e8cbacc30b9b96932504fb38957') in 0.000563 seconds
  Import took 0.003925 seconds .

========================================================================
Received Import Request.
  Time since last request: 0.303502 seconds.
  path: Assets/Scripts/Enemy.cs
  artifactKey: Guid(126418a85bbcfb429aa515896430f018) Importer(815301076,1909f56bfc062723c751e8b465ee728b)
Start importing Assets/Scripts/Enemy.cs using Guid(126418a85bbcfb429aa515896430f018) Importer(815301076,1909f56bfc062723c751e8b465ee728b)  -> (artifact id: '4fdf5039c5af90651130f6b28bda247a') in 0.000575 seconds
  Import took 0.004237 seconds .

========================================================================
Received Import Request.
  Time since last request: 0.001156 seconds.
  path: Assets/Scripts/Enemy.cs
  artifactKey: Guid(126418a85bbcfb429aa515896430f018) Importer(815301076,1909f56bfc062723c751e8b465ee728b)
Start importing Assets/Scripts/Enemy.cs using Guid(126418a85bbcfb429aa515896430f018) Importer(815301076,1909f56bfc062723c751e8b465ee728b)  -> (artifact id: '4fdf5039c5af90651130f6b28bda247a') in 0.000607 seconds
  Import took 0.004155 seconds .

========================================================================
Received Import Request.
  Time since last request: 70.064286 seconds.
  path: Assets/PreFabs/Brick.prefab
  artifactKey: Guid(17da6d5127b22d7658aa65ae491fa7aa) Importer(815301076,1909f56bfc062723c751e8b465ee728b)
Start importing Assets/PreFabs/Brick.prefab using Guid(17da6d5127b22d7658aa65ae491fa7aa) Importer(815301076,1909f56bfc062723c751e8b465ee728b)  -> (artifact id: 'd0373237de762deaaac0440484161123') in 0.065087 seconds
  Import took 0.069419 seconds .

========================================================================
Received Import Request.
  Time since last request: 166.888372 seconds.
  path: Assets/Scripts/Brick.cs
  artifactKey: Guid(b98117e05095d47b2b205886928163ee) Importer(815301076,1909f56bfc062723c751e8b465ee728b)
Start importing Assets/Scripts/Brick.cs using Guid(b98117e05095d47b2b205886928163ee) Importer(815301076,1909f56bfc062723c751e8b465ee728b)  -> (artifact id: 'c5e8f8e227628df755779e2e75203ee1') in 0.000683 seconds
  Import took 0.004483 seconds .

========================================================================
Received Import Request.
  Time since last request: 0.008642 seconds.
  path: Assets/Scripts/Brick.cs
  artifactKey: Guid(b98117e05095d47b2b205886928163ee) Importer(815301076,1909f56bfc062723c751e8b465ee728b)
Start importing Assets/Scripts/Brick.cs using Guid(b98117e05095d47b2b205886928163ee) Importer(815301076,1909f56bfc062723c751e8b465ee728b)  -> (artifact id: 'c5e8f8e227628df755779e2e75203ee1') in 0.000728 seconds
  Import took 0.005148 seconds .

========================================================================
Received Import Request.
  Time since last request: 59.689667 seconds.
  path: Assets/Scripts/Brick.cs
  artifactKey: Guid(b98117e05095d47b2b205886928163ee) Importer(815301076,1909f56bfc062723c751e8b465ee728b)
Start importing Assets/Scripts/Brick.cs using Guid(b98117e05095d47b2b205886928163ee) Importer(815301076,1909f56bfc062723c751e8b465ee728b)  -> (artifact id: 'a2d29193f1ca293a64120c14507bfeff') in 0.000708 seconds
  Import took 0.005039 seconds .

========================================================================
Received Import Request.
  Time since last request: 0.002718 seconds.
  path: Assets/Scripts/Brick.cs
  artifactKey: Guid(b98117e05095d47b2b205886928163ee) Importer(815301076,1909f56bfc062723c751e8b465ee728b)
Start importing Assets/Scripts/Brick.cs using Guid(b98117e05095d47b2b205886928163ee) Importer(815301076,1909f56bfc062723c751e8b465ee728b)  -> (artifact id: 'a2d29193f1ca293a64120c14507bfeff') in 0.000717 seconds
  Import took 0.005144 seconds .

========================================================================
Received Prepare
Registering precompiled user dll's ...
Registered in 0.002415 seconds.
Begin MonoManager ReloadAssembly
Native extension for LinuxStandalone target not found
Native extension for WindowsStandalone target not found
Native extension for OSXStandalone target not found
Native extension for WebGL target not found
Refreshing native plugins compatible for Editor in 0.48 ms, found 2 plugins.
Preloading 0 native plugins for Editor in 0.00 ms.
Invoked RoslynAnalysisRunner static constructor.
RoslynAnalysisRunner will not be running.
RoslynAnalysisRunner has terminated.
Mono: successfully reloaded assembly
- Completed reload, in  0.825 seconds
Platform modules already initialized, skipping
Refreshing native plugins compatible for Editor in 0.49 ms, found 2 plugins.
Preloading 0 native plugins for Editor in 0.00 ms.
Unloading 1844 Unused Serialized files (Serialized files now loaded: 0)
System memory in use before: 81.3 MB.
System memory in use after: 81.3 MB.

Unloading 24 unused Assets to reduce memory usage. Loaded Objects now: 2429.
Total: 3.628751 ms (FindLiveObjects: 0.285769 ms CreateObjectMapping: 0.100166 ms MarkObjects: 3.081562 ms  DeleteObjects: 0.159431 ms)

========================================================================
Received Import Request.
  Time since last request: 20.801517 seconds.
  path: Assets/Scripts/Brick.cs
  artifactKey: Guid(b98117e05095d47b2b205886928163ee) Importer(815301076,1909f56bfc062723c751e8b465ee728b)
Start importing Assets/Scripts/Brick.cs using Guid(b98117e05095d47b2b205886928163ee) Importer(815301076,1909f56bfc062723c751e8b465ee728b)  -> (artifact id: 'aa4f776bb26f4440cd4ace3f62da19d1') in 0.004005 seconds
  Import took 0.008542 seconds .

========================================================================
Received Prepare
Registering precompiled user dll's ...
Registered in 0.002425 seconds.
Begin MonoManager ReloadAssembly
Native extension for LinuxStandalone target not found
Native extension for WindowsStandalone target not found
Native extension for OSXStandalone target not found
Native extension for WebGL target not found
Refreshing native plugins compatible for Editor in 0.50 ms, found 2 plugins.
Preloading 0 native plugins for Editor in 0.00 ms.
Invoked RoslynAnalysisRunner static constructor.
RoslynAnalysisRunner will not be running.
RoslynAnalysisRunner has terminated.
Mono: successfully reloaded assembly
- Completed reload, in  0.881 seconds
Platform modules already initialized, skipping
Refreshing native plugins compatible for Editor in 0.57 ms, found 2 plugins.
Preloading 0 native plugins for Editor in 0.00 ms.
Unloading 1844 Unused Serialized files (Serialized files now loaded: 0)
System memory in use before: 81.3 MB.
System memory in use after: 81.3 MB.

Unloading 24 unused Assets to reduce memory usage. Loaded Objects now: 2433.
Total: 2.968340 ms (FindLiveObjects: 0.259839 ms CreateObjectMapping: 0.064536 ms MarkObjects: 2.517947 ms  DeleteObjects: 0.124042 ms)

========================================================================
Received Import Request.
  Time since last request: 15.911047 seconds.
  path: Assets/PreFabs/Brick.prefab
  artifactKey: Guid(17da6d5127b22d7658aa65ae491fa7aa) Importer(815301076,1909f56bfc062723c751e8b465ee728b)
Start importing Assets/PreFabs/Brick.prefab using Guid(17da6d5127b22d7658aa65ae491fa7aa) Importer(815301076,1909f56bfc062723c751e8b465ee728b)  -> (artifact id: '230befcac75c1e6316235cf073b8a399') in 0.059689 seconds
  Import took 0.064041 seconds .

========================================================================
Received Import Request.
  Time since last request: 5.466803 seconds.
  path: Assets/PreFabs/Brick.prefab
  artifactKey: Guid(17da6d5127b22d7658aa65ae491fa7aa) Importer(815301076,1909f56bfc062723c751e8b465ee728b)
Start importing Assets/PreFabs/Brick.prefab using Guid(17da6d5127b22d7658aa65ae491fa7aa) Importer(815301076,1909f56bfc062723c751e8b465ee728b)  -> (artifact id: 'faacfc0d7be27f82a5a4caeaf3566406') in 0.006737 seconds
  Import took 0.010429 seconds .

========================================================================
Received Prepare
Registering precompiled user dll's ...
Registered in 0.002587 seconds.
Begin MonoManager ReloadAssembly
Native extension for LinuxStandalone target not found
Native extension for WindowsStandalone target not found
Native extension for OSXStandalone target not found
Native extension for WebGL target not found
Refreshing native plugins compatible for Editor in 0.53 ms, found 2 plugins.
Preloading 0 native plugins for Editor in 0.00 ms.
Invoked RoslynAnalysisRunner static constructor.
RoslynAnalysisRunner will not be running.
RoslynAnalysisRunner has terminated.
Mono: successfully reloaded assembly
- Completed reload, in  0.903 seconds
Platform modules already initialized, skipping
Refreshing native plugins compatible for Editor in 0.46 ms, found 2 plugins.
Preloading 0 native plugins for Editor in 0.00 ms.
Unloading 1844 Unused Serialized files (Serialized files now loaded: 0)
System memory in use before: 81.3 MB.
System memory in use after: 81.3 MB.

Unloading 24 unused Assets to reduce memory usage. Loaded Objects now: 2438.
Total: 3.366172 ms (FindLiveObjects: 0.284003 ms CreateObjectMapping: 0.092389 ms MarkObjects: 2.854783 ms  DeleteObjects: 0.133145 ms)

========================================================================
Received Import Request.
  Time since last request: 26.663041 seconds.
  path: Assets/PreFabs/Brick.prefab
  artifactKey: Guid(17da6d5127b22d7658aa65ae491fa7aa) Importer(815301076,1909f56bfc062723c751e8b465ee728b)
Start importing Assets/PreFabs/Brick.prefab using Guid(17da6d5127b22d7658aa65ae491fa7aa) Importer(815301076,1909f56bfc062723c751e8b465ee728b)  -> (artifact id: 'a7366a5721c9a014433f05561fe12736') in 0.056792 seconds
  Import took 0.060614 seconds .

========================================================================
Received Prepare
Registering precompiled user dll's ...
Registered in 0.002480 seconds.
Begin MonoManager ReloadAssembly
Native extension for LinuxStandalone target not found
Native extension for WindowsStandalone target not found
Native extension for OSXStandalone target not found
Native extension for WebGL target not found
Refreshing native plugins compatible for Editor in 0.50 ms, found 2 plugins.
Preloading 0 native plugins for Editor in 0.00 ms.
Invoked RoslynAnalysisRunner static constructor.
RoslynAnalysisRunner will not be running.
RoslynAnalysisRunner has terminated.
Mono: successfully reloaded assembly
- Completed reload, in  0.898 seconds
Platform modules already initialized, skipping
Refreshing native plugins compatible for Editor in 0.54 ms, found 2 plugins.
Preloading 0 native plugins for Editor in 0.00 ms.
Unloading 1844 Unused Serialized files (Serialized files now loaded: 0)
System memory in use before: 81.3 MB.
System memory in use after: 81.3 MB.

Unloading 24 unused Assets to reduce memory usage. Loaded Objects now: 2443.
Total: 3.175255 ms (FindLiveObjects: 0.251975 ms CreateObjectMapping: 0.070088 ms MarkObjects: 2.728440 ms  DeleteObjects: 0.123058 ms)

========================================================================
Received Prepare
Registering precompiled user dll's ...
Registered in 0.002340 seconds.
Begin MonoManager ReloadAssembly
Native extension for LinuxStandalone target not found
Native extension for WindowsStandalone target not found
Native extension for OSXStandalone target not found
Native extension for WebGL target not found
Refreshing native plugins compatible for Editor in 0.53 ms, found 2 plugins.
Preloading 0 native plugins for Editor in 0.00 ms.
Invoked RoslynAnalysisRunner static constructor.
RoslynAnalysisRunner will not be running.
RoslynAnalysisRunner has terminated.
Mono: successfully reloaded assembly
- Completed reload, in  0.826 seconds
Platform modules already initialized, skipping
Refreshing native plugins compatible for Editor in 0.46 ms, found 2 plugins.
Preloading 0 native plugins for Editor in 0.00 ms.
Unloading 1844 Unused Serialized files (Serialized files now loaded: 0)
System memory in use before: 81.3 MB.
System memory in use after: 81.3 MB.

Unloading 24 unused Assets to reduce memory usage. Loaded Objects now: 2447.
Total: 3.671812 ms (FindLiveObjects: 0.310444 ms CreateObjectMapping: 0.113103 ms MarkObjects: 3.106738 ms  DeleteObjects: 0.139650 ms)

========================================================================
Received Prepare
Registering precompiled user dll's ...
Registered in 0.002430 seconds.
Begin MonoManager ReloadAssembly
Native extension for LinuxStandalone target not found
Native extension for WindowsStandalone target not found
Native extension for OSXStandalone target not found
Native extension for WebGL target not found
Refreshing native plugins compatible for Editor in 0.83 ms, found 2 plugins.
Preloading 0 native plugins for Editor in 0.00 ms.
Invoked RoslynAnalysisRunner static constructor.
RoslynAnalysisRunner will not be running.
RoslynAnalysisRunner has terminated.
Mono: successfully reloaded assembly
- Completed reload, in  0.899 seconds
Platform modules already initialized, skipping
Refreshing native plugins compatible for Editor in 0.45 ms, found 2 plugins.
Preloading 0 native plugins for Editor in 0.00 ms.
Unloading 1844 Unused Serialized files (Serialized files now loaded: 0)
System memory in use before: 81.3 MB.
System memory in use after: 81.3 MB.

Unloading 24 unused Assets to reduce memory usage. Loaded Objects now: 2451.
Total: 3.553383 ms (FindLiveObjects: 0.244777 ms CreateObjectMapping: 0.108942 ms MarkObjects: 3.052179 ms  DeleteObjects: 0.145378 ms)

========================================================================
Received Prepare
Registering precompiled user dll's ...
Registered in 0.002429 seconds.
Begin MonoManager ReloadAssembly
Native extension for LinuxStandalone target not found
Native extension for WindowsStandalone target not found
Native extension for OSXStandalone target not found
Native extension for WebGL target not found
Refreshing native plugins compatible for Editor in 0.64 ms, found 2 plugins.
Preloading 0 native plugins for Editor in 0.00 ms.
Invoked RoslynAnalysisRunner static constructor.
RoslynAnalysisRunner will not be running.
RoslynAnalysisRunner has terminated.
Mono: successfully reloaded assembly
- Completed reload, in  0.855 seconds
Platform modules already initialized, skipping
Refreshing native plugins compatible for Editor in 0.50 ms, found 2 plugins.
Preloading 0 native plugins for Editor in 0.00 ms.
Unloading 1844 Unused Serialized files (Serialized files now loaded: 0)
System memory in use before: 81.3 MB.
System memory in use after: 81.3 MB.

Unloading 24 unused Assets to reduce memory usage. Loaded Objects now: 2455.
Total: 3.508325 ms (FindLiveObjects: 0.241788 ms CreateObjectMapping: 0.077361 ms MarkObjects: 3.001604 ms  DeleteObjects: 0.185874 ms)

========================================================================
Received Prepare
Registering precompiled user dll's ...
Registered in 0.002427 seconds.
Begin MonoManager ReloadAssembly
Native extension for LinuxStandalone target not found
Native extension for WindowsStandalone target not found
Native extension for OSXStandalone target not found
Native extension for WebGL target not found
Refreshing native plugins compatible for Editor in 0.52 ms, found 2 plugins.
Preloading 0 native plugins for Editor in 0.00 ms.
Invoked RoslynAnalysisRunner static constructor.
RoslynAnalysisRunner will not be running.
RoslynAnalysisRunner has terminated.
Mono: successfully reloaded assembly
- Completed reload, in  0.819 seconds
Platform modules already initialized, skipping
Refreshing native plugins compatible for Editor in 0.44 ms, found 2 plugins.
Preloading 0 native plugins for Editor in 0.00 ms.
Unloading 1844 Unused Serialized files (Serialized files now loaded: 0)
System memory in use before: 81.3 MB.
System memory in use after: 81.3 MB.

Unloading 24 unused Assets to reduce memory usage. Loaded Objects now: 2459.
Total: 3.672254 ms (FindLiveObjects: 0.256913 ms CreateObjectMapping: 0.070684 ms MarkObjects: 3.163022 ms  DeleteObjects: 0.180352 ms)

========================================================================
Received Prepare
Registering precompiled user dll's ...
Registered in 0.002432 seconds.
Begin MonoManager ReloadAssembly
Native extension for LinuxStandalone target not found
Native extension for WindowsStandalone target not found
Native extension for OSXStandalone target not found
Native extension for WebGL target not found
Refreshing native plugins compatible for Editor in 0.47 ms, found 2 plugins.
Preloading 0 native plugins for Editor in 0.00 ms.
Invoked RoslynAnalysisRunner static constructor.
RoslynAnalysisRunner will not be running.
RoslynAnalysisRunner has terminated.
Mono: successfully reloaded assembly
- Completed reload, in  0.869 seconds
Platform modules already initialized, skipping
Refreshing native plugins compatible for Editor in 0.45 ms, found 2 plugins.
Preloading 0 native plugins for Editor in 0.00 ms.
Unloading 1844 Unused Serialized files (Serialized files now loaded: 0)
System memory in use before: 81.3 MB.
System memory in use after: 81.3 MB.

Unloading 24 unused Assets to reduce memory usage. Loaded Objects now: 2463.
Total: 3.123444 ms (FindLiveObjects: 0.258791 ms CreateObjectMapping: 0.073365 ms MarkObjects: 2.653852 ms  DeleteObjects: 0.135742 ms)

========================================================================
Received Import Request.
  Time since last request: 258.429225 seconds.
  path: ProjectSettings/TagManager.asset
  artifactKey: Guid(00000000000000003000000000000000) Importer(815301076,1909f56bfc062723c751e8b465ee728b)
Start importing ProjectSettings/TagManager.asset using Guid(00000000000000003000000000000000) Importer(815301076,1909f56bfc062723c751e8b465ee728b)  -> (artifact id: '4128e27b7b18c1654e4f7b9531396c71') in 0.011631 seconds
  Import took 0.014805 seconds .

========================================================================
Received Import Request.
  Time since last request: 0.000826 seconds.
  path: ProjectSettings/TagManager.asset
  artifactKey: Guid(00000000000000003000000000000000) Importer(815301076,1909f56bfc062723c751e8b465ee728b)
Start importing ProjectSettings/TagManager.asset using Guid(00000000000000003000000000000000) Importer(815301076,1909f56bfc062723c751e8b465ee728b)  -> (artifact id: '4128e27b7b18c1654e4f7b9531396c71') in 0.008186 seconds
  Import took 0.011205 seconds .

========================================================================
Received Import Request.
  Time since last request: 18.356238 seconds.
  path: Assets/PreFabs/Basketball.prefab
  artifactKey: Guid(4a0598ebcbe12caa8bc2ad7bc4974fe0) Importer(815301076,1909f56bfc062723c751e8b465ee728b)
Start importing Assets/PreFabs/Basketball.prefab using Guid(4a0598ebcbe12caa8bc2ad7bc4974fe0) Importer(815301076,1909f56bfc062723c751e8b465ee728b)  -> (artifact id: '0b06a9eb39b686031b81e0aac6ce41e2') in 0.045478 seconds
  Import took 0.048773 seconds .

========================================================================
Received Import Request.
  Time since last request: 0.000245 seconds.
  path: Assets/PreFabs/SlimeBall.prefab
  artifactKey: Guid(79b9600c9c40f97349f1836a40feaa49) Importer(815301076,1909f56bfc062723c751e8b465ee728b)
Start importing Assets/PreFabs/SlimeBall.prefab using Guid(79b9600c9c40f97349f1836a40feaa49) Importer(815301076,1909f56bfc062723c751e8b465ee728b)  -> (artifact id: '87ceab42ae362aba75cac318a962c4da') in 0.005531 seconds
  Import took 0.008630 seconds .

========================================================================
Received Import Request.
  Time since last request: 0.000241 seconds.
  path: Assets/PreFabs/MetalBall.prefab
  artifactKey: Guid(c1677454cba641c9db497d401ac2712f) Importer(815301076,1909f56bfc062723c751e8b465ee728b)
Start importing Assets/PreFabs/MetalBall.prefab using Guid(c1677454cba641c9db497d401ac2712f) Importer(815301076,1909f56bfc062723c751e8b465ee728b)  -> (artifact id: '71b50739449aed090edebe749df1d87a') in 0.006605 seconds
  Import took 0.009843 seconds .

========================================================================
Received Import Request.
  Time since last request: 0.000242 seconds.
  path: Assets/PreFabs/IceBall.prefab
  artifactKey: Guid(993bdfdfd4f19479f9e2d2603bdb3ff0) Importer(815301076,1909f56bfc062723c751e8b465ee728b)
Start importing Assets/PreFabs/IceBall.prefab using Guid(993bdfdfd4f19479f9e2d2603bdb3ff0) Importer(815301076,1909f56bfc062723c751e8b465ee728b)  -> (artifact id: 'ee215b8ef94156aa7bdd239d825f0312') in 0.007771 seconds
  Import took 0.011368 seconds .

========================================================================
Received Import Request.
  Time since last request: 0.000272 seconds.
  path: Assets/PreFabs/FireBall.prefab
  artifactKey: Guid(f68db80948af5b028b6082d9f7f92c6e) Importer(815301076,1909f56bfc062723c751e8b465ee728b)
Start importing Assets/PreFabs/FireBall.prefab using Guid(f68db80948af5b028b6082d9f7f92c6e) Importer(815301076,1909f56bfc062723c751e8b465ee728b)  -> (artifact id: '6aa0536bc4a9ded74f8c1508ace642b9') in 0.006008 seconds
  Import took 0.009445 seconds .

========================================================================
Received Import Request.
  Time since last request: 0.000235 seconds.
  path: Assets/PreFabs/Brick.prefab
  artifactKey: Guid(17da6d5127b22d7658aa65ae491fa7aa) Importer(815301076,1909f56bfc062723c751e8b465ee728b)
Start importing Assets/PreFabs/Brick.prefab using Guid(17da6d5127b22d7658aa65ae491fa7aa) Importer(815301076,1909f56bfc062723c751e8b465ee728b)  -> (artifact id: '478e3e30dacde57df9f1270cec173995') in 0.007397 seconds
  Import took 0.010966 seconds .

========================================================================
Received Prepare
Registering precompiled user dll's ...
Registered in 0.002415 seconds.
Begin MonoManager ReloadAssembly
Native extension for LinuxStandalone target not found
Native extension for WindowsStandalone target not found
Native extension for OSXStandalone target not found
Native extension for WebGL target not found
Refreshing native plugins compatible for Editor in 0.48 ms, found 2 plugins.
Preloading 0 native plugins for Editor in 0.00 ms.
Invoked RoslynAnalysisRunner static constructor.
RoslynAnalysisRunner will not be running.
RoslynAnalysisRunner has terminated.
Mono: successfully reloaded assembly
- Completed reload, in  0.864 seconds
Platform modules already initialized, skipping
Refreshing native plugins compatible for Editor in 0.45 ms, found 2 plugins.
Preloading 0 native plugins for Editor in 0.00 ms.
Unloading 1844 Unused Serialized files (Serialized files now loaded: 0)
System memory in use before: 81.4 MB.
System memory in use after: 81.3 MB.

Unloading 26 unused Assets to reduce memory usage. Loaded Objects now: 2468.
Total: 3.150752 ms (FindLiveObjects: 0.263277 ms CreateObjectMapping: 0.088110 ms MarkObjects: 2.641842 ms  DeleteObjects: 0.156015 ms)

AssetImportWorkerClient::OnTransportError - code=2 error=End of file
